<?xml version="1.0" encoding="utf-8"?><testsuites name="pytest tests"><testsuite name="pytest" errors="0" failures="1" skipped="0" tests="15" time="1.749" timestamp="2026-08-29T04:47:41.351322+00:00" hostname="agent-env-d6ff6974-1fcf-45a4-b560-6adfd601557b"><testcase classname="tests.test_calendar_and_history.TestCalendarDay" name="test_requires_auth" time="0.272" /><testcase classname="tests.test_calendar_and_history.TestCustomerHistory" name="test_history_with_matching_plate" time="0.229" /><testcase classname="tests.test_calendar_and_history.TestCustomerHistory" name="test_history_case_insensitive" time="0.090" /><testcase classname="tests.test_calendar_and_history.TestCustomerHistory" name="test_history_no_match" time="0.237" /><testcase classname="tests.test_calendar_and_history.TestCalendarDay" name="test_invalid_date" time="0.388" /><testcase classname="tests.test_calendar_and_history.TestCustomerHistory" name="test_history_min_length_validation" time="0.049" /><testcase classname="tests.test_calendar_and_history.TestAdminBookingsPlateFilter" name="test_requires_auth" time="0.053" /><testcase classname="tests.test_calendar_and_history.TestCalendarDay" name="test_day_structure" time="0.281" /><testcase classname="tests.test_calendar_and_history.TestAdminBookingsPlateFilter" name="test_plate_filter" time="0.330" /><testcase classname="tests.test_calendar_and_history.TestCalendarDay" name="test_servis_berat_span_on_sep2" time="0.060" /><testcase classname="tests.test_calendar_and_history.TestAdminBookingsPlateFilter" name="test_plate_filter_case_insensitive" time="0.049" /><testcase classname="tests.test_calendar_and_history.TestCalendarWeek" name="test_requires_auth" time="0.108"><failure message="assert 200 == 401&#10; +  where 200 = &lt;Response [200]&gt;.status_code">backend/tests/test_calendar_and_history.py:131: in test_requires_auth
    assert r.status_code == 401
E   assert 200 == 401
E    +  where 200 = &lt;Response [200]&gt;.status_code</failure></testcase><testcase classname="tests.test_calendar_and_history.TestAdminBookingsPlateFilter" name="test_plate_filter_no_match" time="0.048" /><testcase classname="tests.test_calendar_and_history.TestCalendarWeek" name="test_week_returns_7_days_with_sunday_closed" time="0.063" /><testcase classname="tests.test_calendar_and_history.TestCalendarWeek" name="test_week_bookings_count" time="0.064" /></testsuite></testsuites>