<?xml version="1.0" encoding="utf-8"?><testsuites name="pytest tests"><testsuite name="pytest" errors="0" failures="1" skipped="0" tests="12" time="4.296" timestamp="2026-08-29T04:27:50.867158+00:00" hostname="agent-env-d6ff6974-1fcf-45a4-b560-6adfd601557b"><testcase classname="tests.test_monthly_report.TestServicePrice" name="test_services_include_price" time="0.160" /><testcase classname="tests.test_monthly_report.TestServicePrice" name="test_patch_service_price" time="0.786" /><testcase classname="tests.test_monthly_report.TestServicePrice" name="test_patch_service_requires_auth" time="0.222" /><testcase classname="tests.test_monthly_report.TestBookingPrice" name="test_booking_inherits_service_price" time="0.359" /><testcase classname="tests.test_monthly_report.TestBookingPrice" name="test_patch_booking_price" time="0.517" /><testcase classname="tests.test_monthly_report.TestMonthlyReport" name="test_report_auth_required" time="0.096" /><testcase classname="tests.test_monthly_report.TestMonthlyReport" name="test_report_invalid_month" time="0.106" /><testcase classname="tests.test_monthly_report.TestMonthlyReport" name="test_report_structure" time="0.114"><failure message="Failed: by_status missing keys (should include all 5 statuses): {'Sedang Diproses'}">backend/tests/test_monthly_report.py:154: in test_report_structure
    pytest.fail(f"by_status missing keys (should include all 5 statuses): {missing}")
E   Failed: by_status missing keys (should include all 5 statuses): {'Sedang Diproses'}</failure></testcase><testcase classname="tests.test_monthly_report.TestMonthlyReportPDF" name="test_pdf_no_auth_401" time="0.101" /><testcase classname="tests.test_monthly_report.TestMonthlyReportPDF" name="test_pdf_bearer_header" time="0.178" /><testcase classname="tests.test_monthly_report.TestMonthlyReportPDF" name="test_pdf_query_token" time="0.110" /><testcase classname="tests.test_monthly_report.TestRevenueCalculation" name="test_revenue_completed_vs_total" time="1.451" /></testsuite></testsuites>